
> cake-shop@0.1.0 build
> next build

[baseline-browser-mapping] The data in this module is over two months old.  To ensure accurate Baseline data, please update: `npm i baseline-browser-mapping@latest -D`
 ⚠ Warning: Next.js inferred your workspace root, but it may not be correct.
 We detected multiple lockfiles and selected the directory of G:\CAKE-WEBSITE\package-lock.json as the root directory.
 To silence this warning, set `turbopack.root` in your Next.js config, or consider removing one of the lockfiles if it's not needed.
   See https://nextjs.org/docs/app/api-reference/config/next-config-js/turbopack#root-directory for more information.
 Detected additional lockfiles: 
   * G:\CAKE-WEBSITE\cake-shop\package-lock.json

   ▲ Next.js 16.0.10 (Turbopack)
   - Environments: .env.local, .env

 ⚠ The "middleware" file convention is deprecated. Please use "proxy" instead. Learn more: https://nextjs.org/docs/messages/middleware-to-proxy
   Creating an optimized production build ...
[baseline-browser-mapping] The data in this module is over two months old.  To ensure accurate Baseline data, please update: `npm i baseline-browser-mapping@latest -D`
 ✓ Compiled successfully in 37.7s
   Running TypeScript ...
   Collecting page data using 21 workers ...
[baseline-browser-mapping] The data in this module is over two months old.  To ensure accurate Baseline data, please update: `npm i baseline-browser-mapping@latest -D`
[baseline-browser-mapping] The data in this module is over two months old.  To ensure accurate Baseline data, please update: `npm i baseline-browser-mapping@latest -D`
[baseline-browser-mapping] The data in this module is over two months old.  To ensure accurate Baseline data, please update: `npm i baseline-browser-mapping@latest -D`
[baseline-browser-mapping] The data in this module is over two months old.  To ensure accurate Baseline data, please update: `npm i baseline-browser-mapping@latest -D`
[baseline-browser-mapping] The data in this module is over two months old.  To ensure accurate Baseline data, please update: `npm i baseline-browser-mapping@latest -D`
[baseline-browser-mapping] The data in this module is over two months old.  To ensure accurate Baseline data, please update: `npm i baseline-browser-mapping@latest -D`
[baseline-browser-mapping] The data in this module is over two months old.  To ensure accurate Baseline data, please update: `npm i baseline-browser-mapping@latest -D`
[baseline-browser-mapping] The data in this module is over two months old.  To ensure accurate Baseline data, please update: `npm i baseline-browser-mapping@latest -D`
[baseline-browser-mapping] The data in this module is over two months old.  To ensure accurate Baseline data, please update: `npm i baseline-browser-mapping@latest -D`
[baseline-browser-mapping] The data in this module is over two months old.  To ensure accurate Baseline data, please update: `npm i baseline-browser-mapping@latest -D`
[baseline-browser-mapping] The data in this module is over two months old.  To ensure accurate Baseline data, please update: `npm i baseline-browser-mapping@latest -D`
[baseline-browser-mapping] The data in this module is over two months old.  To ensure accurate Baseline data, please update: `npm i baseline-browser-mapping@latest -D`
[baseline-browser-mapping] The data in this module is over two months old.  To ensure accurate Baseline data, please update: `npm i baseline-browser-mapping@latest -D`
[baseline-browser-mapping] The data in this module is over two months old.  To ensure accurate Baseline data, please update: `npm i baseline-browser-mapping@latest -D`
[baseline-browser-mapping] The data in this module is over two months old.  To ensure accurate Baseline data, please update: `npm i baseline-browser-mapping@latest -D`
[baseline-browser-mapping] The data in this module is over two months old.  To ensure accurate Baseline data, please update: `npm i baseline-browser-mapping@latest -D`
[baseline-browser-mapping] The data in this module is over two months old.  To ensure accurate Baseline data, please update: `npm i baseline-browser-mapping@latest -D`
[baseline-browser-mapping] The data in this module is over two months old.  To ensure accurate Baseline data, please update: `npm i baseline-browser-mapping@latest -D`
[baseline-browser-mapping] The data in this module is over two months old.  To ensure accurate Baseline data, please update: `npm i baseline-browser-mapping@latest -D`
[baseline-browser-mapping] The data in this module is over two months old.  To ensure accurate Baseline data, please update: `npm i baseline-browser-mapping@latest -D`
[baseline-browser-mapping] The data in this module is over two months old.  To ensure accurate Baseline data, please update: `npm i baseline-browser-mapping@latest -D`
(node:67036) [DEP0040] DeprecationWarning: The `punycode` module is deprecated. Please use a userland alternative instead.
(Use `node --trace-deprecation ...` to show where the warning was created)
(node:31756) [DEP0040] DeprecationWarning: The `punycode` module is deprecated. Please use a userland alternative instead.
(Use `node --trace-deprecation ...` to show where the warning was created)
   Generating static pages using 21 workers (0/82) ...
[baseline-browser-mapping] The data in this module is over two months old.  To ensure accurate Baseline data, please update: `npm i baseline-browser-mapping@latest -D`
[baseline-browser-mapping] The data in this module is over two months old.  To ensure accurate Baseline data, please update: `npm i baseline-browser-mapping@latest -D`
[baseline-browser-mapping] The data in this module is over two months old.  To ensure accurate Baseline data, please update: `npm i baseline-browser-mapping@latest -D`
[baseline-browser-mapping] The data in this module is over two months old.  To ensure accurate Baseline data, please update: `npm i baseline-browser-mapping@latest -D`
(node:36376) [DEP0040] DeprecationWarning: The `punycode` module is deprecated. Please use a userland alternative instead.
(Use `node --trace-deprecation ...` to show where the warning was created)
   Generating static pages using 21 workers (20/82) 
   Generating static pages using 21 workers (40/82) 
 ⨯ useSearchParams() should be wrapped in a suspense boundary at page "/auth/verify-email". Read more: https://nextjs.org/docs/messages/missing-suspense-with-csr-bailout
    at S (G:\CAKE-WEBSITE\cake-shop\.next\server\chunks\ssr\b1869_next_aa6323d6._.js:2:2111)
    at p (G:\CAKE-WEBSITE\cake-shop\.next\server\chunks\ssr\b1869_next_aa6323d6._.js:4:4845)
    at j (G:\CAKE-WEBSITE\cake-shop\.next\server\chunks\ssr\cake-shop_cebbf678._.js:1:1276)
    at ar (G:\CAKE-WEBSITE\cake-shop\node_modules\next\dist\compiled\next-server\app-page-turbo.runtime.prod.js:2:84366)
    at aa (G:\CAKE-WEBSITE\cake-shop\node_modules\next\dist\compiled\next-server\app-page-turbo.runtime.prod.js:2:86185)
    at as (G:\CAKE-WEBSITE\cake-shop\node_modules\next\dist\compiled\next-server\app-page-turbo.runtime.prod.js:2:107952)
    at ao (G:\CAKE-WEBSITE\cake-shop\node_modules\next\dist\compiled\next-server\app-page-turbo.runtime.prod.js:2:105374)
    at an (G:\CAKE-WEBSITE\cake-shop\node_modules\next\dist\compiled\next-server\app-page-turbo.runtime.prod.js:2:84718)
    at aa (G:\CAKE-WEBSITE\cake-shop\node_modules\next\dist\compiled\next-server\app-page-turbo.runtime.prod.js:2:86234)
    at aa (G:\CAKE-WEBSITE\cake-shop\node_modules\next\dist\compiled\next-server\app-page-turbo.runtime.prod.js:2:104714)
Error occurred prerendering page "/auth/verify-email". Read more: https://nextjs.org/docs/messages/prerender-error
Export encountered an error on /auth/verify-email/page: /auth/verify-email, exiting the build.
   Generating static pages using 21 workers (61/82) 
 ⨯ Next.js build worker exited with code: 1 and signal: null
